ID polozky: 274, NAZEV: CASTROL Edge 5W-30 (FST), OBRAZEK: Sud-Castrol-200L.png
ID polozky: 278, NAZEV: CASTROL Edge 5W-40  (TITANIUM FST), OBRAZEK: Sud-Castrol-200L.png
ID polozky: 282, NAZEV: CASTROL Edge Turbo Diesel 5W-40 (TITANIUM FST), OBRAZEK: Sud-Castrol-200L.png
ID polozky: 297, NAZEV: CASTROL Magnatec A3/B4 10W-40, OBRAZEK: Sud-Castrol-200L.png
ID polozky: 303, NAZEV: CASTROL Power 1 4T 10W-40 , OBRAZEK: Sud-Castrol-200L.png
ID polozky: 318, NAZEV: CASTROL Manual EP 80W-90, OBRAZEK: Sud-Castrol-200L.png
ID polozky: 321, NAZEV: CASTROL Axle EPX 80W-90, OBRAZEK: Sud-Castrol-200L.png
ID polozky: 324, NAZEV: CASTROL ATF DEX II Multivehicle, OBRAZEK: Sud-Castrol-200L.png
ID polozky: 327, NAZEV: CASTROL ATF DEX III Multivehicle, OBRAZEK: Sud-Castrol-200L.png
ID polozky: 330, NAZEV: CASTROL VECTON FUEL SAVER E6/E9 5W-30, OBRAZEK: Sud-Castrol-200L.png
ID polozky: 333, NAZEV: CASTROL VECTON FUEL SAVER E7 5W-30, OBRAZEK: Sud-Castrol-200L.png
ID polozky: 336, NAZEV: CASTROL VECTON LONG DRAIN 10W-40 LS (ENDURON LOW-SAPS 10W-40), OBRAZEK: Sud-Castrol-200L.png
ID polozky: 337, NAZEV: CASTROL Enduron Global 10W-40, OBRAZEK: Sud-Castrol-200L.png
ID polozky: 340, NAZEV: CASTROL VECTON LONG DRAIN 10W-40 (CASTROL ENDURON 10W-40), OBRAZEK: Sud-Castrol-200L.png
ID polozky: 342, NAZEV: CASTROL VECTON 10W-40 (CASTROL TECTION 10W-40), OBRAZEK: Sud-Castrol-200L.png
ID polozky: 345, NAZEV: CASTROL VECTON 15W-40 (CASTROL TECTION 15W-40), OBRAZEK: Sud-Castrol-200L.png
ID polozky: 347, NAZEV: CASTROL Syntrans Z Longlife 75W-80, OBRAZEK: Sud-Castrol-200L.png
ID polozky: 353, NAZEV: CASTROL Axle EPX 80W-90, OBRAZEK: Sud-Castrol-200L.png
ID polozky: 355, NAZEV: CASTROL Axle EPX 80W-140, OBRAZEK: Sud-Castrol-200L.png
ID polozky: 360, NAZEV: CASTROL ATF DEX II Multivehicle, OBRAZEK: Sud-Castrol-200L.png
ID polozky: 363, NAZEV: CASTROL ATF DEX III Multivehicle, OBRAZEK: Sud-Castrol-200L.png
ID polozky: 365, NAZEV: CASTROL Agri MP Plus 10W-40, OBRAZEK: Sud-Castrol-200L.png
ID polozky: 368, NAZEV: CASTROL Agri Trans Plus 80W, OBRAZEK: Sud-Castrol-200L.png
ID polozky: 370, NAZEV: CASTROL Agri Power Ultra 10W-40, OBRAZEK: Sud-Castrol-200L.png
ID polozky: 372, NAZEV: CASTROL Hyspin AWS 46, OBRAZEK: Sud-Castrol-200L.png
ID polozky: 374, NAZEV: CASTROL Hyspin AWH-M 46, OBRAZEK: Sud-Castrol-200L.png
ID polozky: 376, NAZEV: CASTROL Hyspin HVI 46, OBRAZEK: Sud-Castrol-200L.png
ID polozky: 378, NAZEV: CASTROL Carelube SE S 46, OBRAZEK: Sud-Castrol-200L.png
